#
# A fatal error has been detected by the Java Runtime Environment:
#
#  EXCEPTION_ACCESS_VIOLATION (0xc0000005) at pc=0x61948956, pid=14148, tid=0x00001170
#
# JRE version: Java(TM) SE Runtime Environment (8.0_191-b12) (build 1.8.0_191-b12)
# Java VM: Java HotSpot(TM) Client VM (25.191-b12 mixed mode windows-x86 )
# Problematic frame:
# C  [listSerialsj.dll+0x8956]
#
# Failed to write core dump. Minidumps are not enabled by default on client versions of Windows
#
# If you would like to submit a bug report, please visit:
#   http://bugreport.java.com/bugreport/crash.jsp
# The crash happened outside the Java Virtual Machine in native code.
# See problematic frame for where to report the bug.
#

---------------  T H R E A D  ---------------

Current thread (0x27c7d800):  JavaThread "cc.arduino.packages.discoverers.serial.SerialBoardsLister" [_thread_in_native, id=4464, stack(0x288e0000,0x28930000)]

siginfo: ExceptionCode=0xc0000005, writing address 0x0000004c

Registers:
EAX=0x00000000, EBX=0x00000000, ECX=0x282c7c6a, EDX=0x00000000
ESP=0x2892ee50, EBP=0x287a7cc0, ESI=0x0000004c, EDI=0x76fde620
EIP=0x61948956, EFLAGS=0x00010206

Top of Stack: (sp=0x2892ee50)
0x2892ee50:   0000fde9 00000000 287a7cc0 ffffffff
0x2892ee60:   00000000 0000004c 00000000 00000000
0x2892ee70:   000000a0 287a7cb8 000000a0 7eeaba78
0x2892ee80:   00000b60 00000001 2892eee8 61948cea
0x2892ee90:   00000b60 00220414 287a7cb8 000000a0
0x2892eea0:   287a7cb8 000000a0 2892eee8 00000000
0x2892eeb0:   00380034 00000000 6194da4f 76fdfc00
0x2892eec0:   287a49a8 00000009 00000000 287a7cb8 

Instructions: (pc=0x61948956)
0x61948936:   89 44 24 10 c7 44 24 0c ff ff ff ff c7 44 24 04
0x61948946:   00 00 00 00 c7 04 24 e9 fd 00 00 ff d7 83 ec 20
0x61948956:   c6 04 33 00 89 d8 83 c4 2c 5b 5e 5f 5d c3 8d b6
0x61948966:   00 00 00 00 8d bf 00 00 00 00 57 56 89 ce 53 b9 


Register to memory mapping:

EAX=0x00000000 is an unknown value
EBX=0x00000000 is an unknown value
ECX=0x282c7c6a is pointing into metadata
EDX=0x00000000 is an unknown value
ESP=0x2892ee50 is pointing into the stack for thread: 0x27c7d800
EBP=0x287a7cc0 is an unknown value
ESI=0x0000004c is an unknown value
EDI=0x76fde620 is an unknown value


Stack: [0x288e0000,0x28930000],  sp=0x2892ee50,  free space=315k
Native frames: (J=compiled Java code, j=interpreted, Vv=VM code, C=native code)
C  [listSerialsj.dll+0x8956]

Java frames: (J=compiled Java code, j=interpreted, Vv=VM code)
J 2295  processing.app.Platform.listSerialsNative()[Ljava/lang/String; (0 bytes) @ 0x02f2390f [0x02f238d0+0x3f]
J 2191 C1 cc.arduino.packages.discoverers.serial.SerialBoardsLister.retriggerDiscovery(Z)V (751 bytes) @ 0x02ef9be4 [0x02ef9a90+0x154]
J 2305 C1 cc.arduino.packages.discoverers.serial.SerialBoardsLister.run()V (13 bytes) @ 0x02f27094 [0x02f27050+0x44]
J 2315% C1 java.util.TimerThread.mainLoop()V (232 bytes) @ 0x02f29994 [0x02f29560+0x434]
j  java.util.TimerThread.run()V+1
v  ~StubRoutines::call_stub

---------------  P R O C E S S  ---------------

Java Threads: ( => current thread )
  0x27b93800 JavaThread "Timer-1" [_thread_blocked, id=28512, stack(0x02680000,0x026d0000)]
  0x27b92c00 JavaThread "DestroyJavaVM" [_thread_blocked, id=14344, stack(0x02900000,0x02950000)]
  0x265d3c00 JavaThread "TimerQueue" daemon [_thread_blocked, id=8824, stack(0x2a9a0000,0x2a9f0000)]
  0x265d1400 JavaThread "Batik CleanerThread" daemon [_thread_blocked, id=17924, stack(0x291c0000,0x29210000)]
  0x265d3400 JavaThread "AWT-EventQueue-0" [_thread_blocked, id=29704, stack(0x28750000,0x287a0000)]
  0x265d1000 JavaThread "AWT-Shutdown" [_thread_blocked, id=16528, stack(0x26ce0000,0x26d30000)]
  0x265d2800 JavaThread "JmDNS(DESKTOP-72HK36S-dhe-duke-edu.local.).State.Timer" [_thread_blocked, id=20928, stack(0x28df0000,0x28e40000)]
  0x265d0800 JavaThread "JmDNS(DESKTOP-72HK36S-dhe-duke-edu.local.).Timer" daemon [_thread_blocked, id=17080, stack(0x28d60000,0x28db0000)]
  0x265d2000 JavaThread "SocketListener(DESKTOP-72HK36S-dhe-duke-edu.local.)" daemon [_thread_in_native, id=29832, stack(0x28cd0000,0x28d20000)]
  0x27d27000 JavaThread "JmDNS(fe80-0-0-0-9410-fda4-1ddf-6eaa-eth1.local.).State.Timer" [_thread_blocked, id=5640, stack(0x28ab0000,0x28b00000)]
  0x27d24400 JavaThread "JmDNS(fe80-0-0-0-9410-fda4-1ddf-6eaa-eth1.local.).Timer" daemon [_thread_blocked, id=31192, stack(0x28a20000,0x28a70000)]
  0x27d23c00 JavaThread "SocketListener(fe80-0-0-0-9410-fda4-1ddf-6eaa-eth1.local.)" daemon [_thread_in_native, id=19528, stack(0x286c0000,0x28710000)]
  0x27c7cc00 JavaThread "Multihomed mDNS.Timer" daemon [_thread_blocked, id=30648, stack(0x27920000,0x27970000)]
=>0x27c7d800 JavaThread "cc.arduino.packages.discoverers.serial.SerialBoardsLister" [_thread_in_native, id=4464, stack(0x288e0000,0x28930000)]
  0x26870000 JavaThread "AWT-Windows" daemon [_thread_in_native, id=8476, stack(0x26d70000,0x26dc0000)]
  0x2686f000 JavaThread "Java2D Disposer" daemon [_thread_blocked, id=15560, stack(0x26c50000,0x26ca0000)]
  0x25e8a400 JavaThread "Service Thread" daemon [_thread_blocked, id=7212, stack(0x264f0000,0x26540000)]
  0x25e82400 JavaThread "C1 CompilerThread0" daemon [_thread_blocked, id=9064, stack(0x26460000,0x264b0000)]
  0x25e80400 JavaThread "Attach Listener" daemon [_thread_blocked, id=9796, stack(0x263d0000,0x26420000)]
  0x25e7c800 JavaThread "Signal Dispatcher" daemon [_thread_blocked, id=19312, stack(0x26340000,0x26390000)]
  0x25e6c800 JavaThread "Finalizer" daemon [_thread_blocked, id=22620, stack(0x261b0000,0x26200000)]
  0x25e66800 JavaThread "Reference Handler" daemon [_thread_blocked, id=31160, stack(0x26120000,0x26170000)]

Other Threads:
  0x25e50c00 VMThread [stack: 0x26090000,0x260e0000] [id=3240]
  0x25e8d400 WatcherThread [stack: 0x26580000,0x265d0000] [id=19580]

VM state:not at safepoint (normal execution)

VM Mutex/Monitor currently owned by a thread: None

Heap:
 def new generation   total 73920K, used 3529K [0x04e00000, 0x09e30000, 0x0f8a0000)
  eden space 65728K,   5% used [0x04e00000, 0x0514ed80, 0x08e30000)
  from space 8192K,   1% used [0x08e30000, 0x08e539e8, 0x09630000)
  to   space 8192K,   0% used [0x09630000, 0x09630000, 0x09e30000)
 tenured generation   total 164148K, used 100390K [0x0f8a0000, 0x198ed000, 0x24e00000)
   the space 164148K,  61% used [0x0f8a0000, 0x15aa99d0, 0x15aa9a00, 0x198ed000)
 Metaspace       used 21023K, capacity 21620K, committed 21632K, reserved 21888K

Card table byte_map: [0x04cf0000,0x04e00000] byte_map_base: 0x04cc9000

Polling page: 0x026d0000

CodeCache: size=32768Kb used=4457Kb max_used=4457Kb free=28310Kb
 bounds [0x02b00000, 0x02f60000, 0x04b00000]
 total_blobs=2682 nmethods=2406 adapters=206
 compilation: enabled

Compilation events (10 events):
Event: 28972.605 Thread 0x25e82400 2440             javax.jmdns.impl.DNSQuestion$DNS6Address::addAnswers (29 bytes)
Event: 28972.606 Thread 0x25e82400 nmethod 2440 0x02f5a4c8 code [0x02f5a5e0, 0x02f5a6c8]
Event: 30085.209 Thread 0x25e82400 2441             javax.jmdns.impl.ServiceInfoImpl::getPort (5 bytes)
Event: 30085.209 Thread 0x25e82400 nmethod 2441 0x02f5a7c8 code [0x02f5a8c0, 0x02f5a940]
Event: 30085.211 Thread 0x25e82400 2442             javax.jmdns.impl.ServiceInfoImpl::getWeight (5 bytes)
Event: 30085.211 Thread 0x25e82400 nmethod 2442 0x02f5a988 code [0x02f5aa80, 0x02f5ab00]
Event: 30085.213 Thread 0x25e82400 2443             javax.jmdns.impl.ServiceInfoImpl::getPriority (5 bytes)
Event: 30085.213 Thread 0x25e82400 nmethod 2443 0x02f5ab48 code [0x02f5ac40, 0x02f5acc0]
Event: 51127.988 Thread 0x25e82400 2444             javax.jmdns.impl.DNSQuestion$DNS6Address::iAmTheOnlyOne (41 bytes)
Event: 51127.988 Thread 0x25e82400 nmethod 2444 0x02f5ad08 code [0x02f5ae30, 0x02f5af64]

GC Heap History (10 events):
Event: 60778.486 GC heap before
{Heap before GC invocations=74 (full 3):
 def new generation   total 73920K, used 65901K [0x04e00000, 0x09e30000, 0x0f8a0000)
  eden space 65728K, 100% used [0x04e00000, 0x08e30000, 0x08e30000)
  from space 8192K,   2% used [0x09630000, 0x0965b790, 0x09e30000)
  to   space 8192K,   0% used [0x08e30000, 0x08e30000, 0x09630000)
 tenured generation   total 164148K, used 100390K [0x0f8a0000, 0x198ed000, 0x24e00000)
   the space 164148K,  61% used [0x0f8a0000, 0x15aa99d0, 0x15aa9a00, 0x198ed000)
 Metaspace       used 21023K, capacity 21620K, committed 21632K, reserved 21888K
Event: 60778.490 GC heap after
Heap after GC invocations=75 (full 3):
 def new generation   total 73920K, used 145K [0x04e00000, 0x09e30000, 0x0f8a0000)
  eden space 65728K,   0% used [0x04e00000, 0x04e00000, 0x08e30000)
  from space 8192K,   1% used [0x08e30000, 0x08e547d8, 0x09630000)
  to   space 8192K,   0% used [0x09630000, 0x09630000, 0x09e30000)
 tenured generation   total 164148K, used 100390K [0x0f8a0000, 0x198ed000, 0x24e00000)
   the space 164148K,  61% used [0x0f8a0000, 0x15aa99d0, 0x15aa9a00, 0x198ed000)
 Metaspace       used 21023K, capacity 21620K, committed 21632K, reserved 21888K
}
Event: 61533.823 GC heap before
{Heap before GC invocations=75 (full 3):
 def new generation   total 73920K, used 65873K [0x04e00000, 0x09e30000, 0x0f8a0000)
  eden space 65728K, 100% used [0x04e00000, 0x08e30000, 0x08e30000)
  from space 8192K,   1% used [0x08e30000, 0x08e547d8, 0x09630000)
  to   space 8192K,   0% used [0x09630000, 0x09630000, 0x09e30000)
 tenured generation   total 164148K, used 100390K [0x0f8a0000, 0x198ed000, 0x24e00000)
   the space 164148K,  61% used [0x0f8a0000, 0x15aa99d0, 0x15aa9a00, 0x198ed000)
 Metaspace       used 21023K, capacity 21620K, committed 21632K, reserved 21888K
Event: 61533.826 GC heap after
Heap after GC invocations=76 (full 3):
 def new generation   total 73920K, used 159K [0x04e00000, 0x09e30000, 0x0f8a0000)
  eden space 65728K,   0% used [0x04e00000, 0x04e00000, 0x08e30000)
  from space 8192K,   1% used [0x09630000, 0x09657d70, 0x09e30000)
  to   space 8192K,   0% used [0x08e30000, 0x08e30000, 0x09630000)
 tenured generation   total 164148K, used 100390K [0x0f8a0000, 0x198ed000, 0x24e00000)
   the space 164148K,  61% used [0x0f8a0000, 0x15aa99d0, 0x15aa9a00, 0x198ed000)
 Metaspace       used 21023K, capacity 21620K, committed 21632K, reserved 21888K
}
Event: 62369.499 GC heap before
{Heap before GC invocations=76 (full 3):
 def new generation   total 73920K, used 65887K [0x04e00000, 0x09e30000, 0x0f8a0000)
  eden space 65728K, 100% used [0x04e00000, 0x08e30000, 0x08e30000)
  from space 8192K,   1% used [0x09630000, 0x09657d70, 0x09e30000)
  to   space 8192K,   0% used [0x08e30000, 0x08e30000, 0x09630000)
 tenured generation   total 164148K, used 100390K [0x0f8a0000, 0x198ed000, 0x24e00000)
   the space 164148K,  61% used [0x0f8a0000, 0x15aa99d0, 0x15aa9a00, 0x198ed000)
 Metaspace       used 21023K, capacity 21620K, committed 21632K, reserved 21888K
Event: 62369.500 GC heap after
Heap after GC invocations=77 (full 3):
 def new generation   total 73920K, used 185K [0x04e00000, 0x09e30000, 0x0f8a0000)
  eden space 65728K,   0% used [0x04e00000, 0x04e00000, 0x08e30000)
  from space 8192K,   2% used [0x08e30000, 0x08e5e728, 0x09630000)
  to   space 8192K,   0% used [0x09630000, 0x09630000, 0x09e30000)
 tenured generation   total 164148K, used 100390K [0x0f8a0000, 0x198ed000, 0x24e00000)
   the space 164148K,  61% used [0x0f8a0000, 0x15aa99d0, 0x15aa9a00, 0x198ed000)
 Metaspace       used 21023K, capacity 21620K, committed 21632K, reserved 21888K
}
Event: 63991.970 GC heap before
{Heap before GC invocations=77 (full 3):
 def new generation   total 73920K, used 65913K [0x04e00000, 0x09e30000, 0x0f8a0000)
  eden space 65728K, 100% used [0x04e00000, 0x08e30000, 0x08e30000)
  from space 8192K,   2% used [0x08e30000, 0x08e5e728, 0x09630000)
  to   space 8192K,   0% used [0x09630000, 0x09630000, 0x09e30000)
 tenured generation   total 164148K, used 100390K [0x0f8a0000, 0x198ed000, 0x24e00000)
   the space 164148K,  61% used [0x0f8a0000, 0x15aa99d0, 0x15aa9a00, 0x198ed000)
 Metaspace       used 21023K, capacity 21620K, committed 21632K, reserved 21888K
Event: 63991.974 GC heap after
Heap after GC invocations=78 (full 3):
 def new generation   total 73920K, used 186K [0x04e00000, 0x09e30000, 0x0f8a0000)
  eden space 65728K,   0% used [0x04e00000, 0x04e00000, 0x08e30000)
  from space 8192K,   2% used [0x09630000, 0x0965eb18, 0x09e30000)
  to   space 8192K,   0% used [0x08e30000, 0x08e30000, 0x09630000)
 tenured generation   total 164148K, used 100390K [0x0f8a0000, 0x198ed000, 0x24e00000)
   the space 164148K,  61% used [0x0f8a0000, 0x15aa99d0, 0x15aa9a00, 0x198ed000)
 Metaspace       used 21023K, capacity 21620K, committed 21632K, reserved 21888K
}
Event: 65150.640 GC heap before
{Heap before GC invocations=78 (full 3):
 def new generation   total 73920K, used 65914K [0x04e00000, 0x09e30000, 0x0f8a0000)
  eden space 65728K, 100% used [0x04e00000, 0x08e30000, 0x08e30000)
  from space 8192K,   2% used [0x09630000, 0x0965eb18, 0x09e30000)
  to   space 8192K,   0% used [0x08e30000, 0x08e30000, 0x09630000)
 tenured generation   total 164148K, used 100390K [0x0f8a0000, 0x198ed000, 0x24e00000)
   the space 164148K,  61% used [0x0f8a0000, 0x15aa99d0, 0x15aa9a00, 0x198ed000)
 Metaspace       used 21023K, capacity 21620K, committed 21632K, reserved 21888K
Event: 65150.644 GC heap after
Heap after GC invocations=79 (full 3):
 def new generation   total 73920K, used 142K [0x04e00000, 0x09e30000, 0x0f8a0000)
  eden space 65728K,   0% used [0x04e00000, 0x04e00000, 0x08e30000)
  from space 8192K,   1% used [0x08e30000, 0x08e539e8, 0x09630000)
  to   space 8192K,   0% used [0x09630000, 0x09630000, 0x09e30000)
 tenured generation   total 164148K, used 100390K [0x0f8a0000, 0x198ed000, 0x24e00000)
   the space 164148K,  61% used [0x0f8a0000, 0x15aa99d0, 0x15aa9a00, 0x198ed000)
 Metaspace       used 21023K, capacity 21620K, committed 21632K, reserved 21888K
}

Deoptimization events (0 events):
No events

Classes redefined (0 events):
No events

Internal exceptions (10 events):
Event: 63.594 Thread 0x27b92000 Exception <a 'sun/nio/fs/WindowsException'> (0x08b9dc30) thrown at [C:\workspace\8-2-build-windows-i586-cygwin\jdk8u191\11896\hotspot\src\share\vm\prims\jni.cpp, line 709]
Event: 63.594 Thread 0x27b92000 Exception <a 'sun/nio/fs/WindowsException'> (0x08b9e188) thrown at [C:\workspace\8-2-build-windows-i586-cygwin\jdk8u191\11896\hotspot\src\share\vm\prims\jni.cpp, line 709]
Event: 63.597 Thread 0x27b92000 Exception <a 'sun/nio/fs/WindowsException'> (0x08bab848) thrown at [C:\workspace\8-2-build-windows-i586-cygwin\jdk8u191\11896\hotspot\src\share\vm\prims\jni.cpp, line 709]
Event: 63.597 Thread 0x27b92000 Exception <a 'sun/nio/fs/WindowsException'> (0x08babda0) thrown at [C:\workspace\8-2-build-windows-i586-cygwin\jdk8u191\11896\hotspot\src\share\vm\prims\jni.cpp, line 709]
Event: 63.599 Thread 0x27b92000 Exception <a 'sun/nio/fs/WindowsException'> (0x08bb56e0) thrown at [C:\workspace\8-2-build-windows-i586-cygwin\jdk8u191\11896\hotspot\src\share\vm\prims\jni.cpp, line 709]
Event: 63.599 Thread 0x27b92000 Exception <a 'sun/nio/fs/WindowsException'> (0x08bb5c20) thrown at [C:\workspace\8-2-build-windows-i586-cygwin\jdk8u191\11896\hotspot\src\share\vm\prims\jni.cpp, line 709]
Event: 63.602 Thread 0x27b92000 Exception <a 'sun/nio/fs/WindowsException'> (0x08be2468) thrown at [C:\workspace\8-2-build-windows-i586-cygwin\jdk8u191\11896\hotspot\src\share\vm\prims\jni.cpp, line 709]
Event: 63.602 Thread 0x27b92000 Exception <a 'sun/nio/fs/WindowsException'> (0x08be2980) thrown at [C:\workspace\8-2-build-windows-i586-cygwin\jdk8u191\11896\hotspot\src\share\vm\prims\jni.cpp, line 709]
Event: 63.605 Thread 0x27b92000 Exception <a 'sun/nio/fs/WindowsException'> (0x08bf6080) thrown at [C:\workspace\8-2-build-windows-i586-cygwin\jdk8u191\11896\hotspot\src\share\vm\prims\jni.cpp, line 709]
Event: 63.605 Thread 0x27b92000 Exception <a 'sun/nio/fs/WindowsException'> (0x08bf65c0) thrown at [C:\workspace\8-2-build-windows-i586-cygwin\jdk8u191\11896\hotspot\src\share\vm\prims\jni.cpp, line 709]

Events (10 events):
Event: 65052.143 Executing VM operation: RevokeBias
Event: 65052.143 Executing VM operation: RevokeBias done
Event: 65052.143 Executing VM operation: RevokeBias
Event: 65052.143 Executing VM operation: RevokeBias done
Event: 65052.712 Executing VM operation: RevokeBias
Event: 65052.712 Executing VM operation: RevokeBias done
Event: 65052.712 Executing VM operation: RevokeBias
Event: 65052.713 Executing VM operation: RevokeBias done
Event: 65150.640 Executing VM operation: GenCollectForAllocation
Event: 65150.644 Executing VM operation: GenCollectForAllocation done


Dynamic libraries:
0x00740000 - 0x00773000 	C:\Program Files (x86)\Arduino\java\bin\javaw.exe
0x77410000 - 0x775b4000 	C:\Windows\SYSTEM32\ntdll.dll
0x76fc0000 - 0x770b0000 	C:\Windows\System32\KERNEL32.DLL
0x76140000 - 0x7637a000 	C:\Windows\System32\KERNELBASE.dll
0x765f0000 - 0x7666c000 	C:\Windows\System32\ADVAPI32.dll
0x76e80000 - 0x76f3f000 	C:\Windows\System32\msvcrt.dll
0x75e90000 - 0x75f06000 	C:\Windows\System32\sechost.dll
0x77100000 - 0x771bf000 	C:\Windows\System32\RPCRT4.dll
0x75ac0000 - 0x75c5c000 	C:\Windows\System32\USER32.dll
0x75da0000 - 0x75db8000 	C:\Windows\System32\win32u.dll
0x75490000 - 0x754b4000 	C:\Windows\System32\GDI32.dll
0x76d90000 - 0x76e75000 	C:\Windows\System32\gdi32full.dll
0x76000000 - 0x7607b000 	C:\Windows\System32\msvcp_win.dll
0x75c60000 - 0x75d80000 	C:\Windows\System32\ucrtbase.dll
0x73050000 - 0x73260000 	C:\Windows\WinSxS\x86_microsoft.windows.common-controls_6595b64144ccf1df_6.0.19041.1110_none_a8625c1886757984\COMCTL32.dll
0x75a90000 - 0x75ab5000 	C:\Windows\System32\IMM32.DLL
0x74db0000 - 0x74e6f000 	C:\Program Files (x86)\Arduino\java\bin\msvcr100.dll
0x749d0000 - 0x74da3000 	C:\Program Files (x86)\Arduino\java\bin\client\jvm.dll
0x75a80000 - 0x75a86000 	C:\Windows\System32\PSAPI.DLL
0x75280000 - 0x75288000 	C:\Windows\SYSTEM32\WSOCK32.dll
0x752a0000 - 0x752a8000 	C:\Windows\SYSTEM32\VERSION.dll
0x72dc0000 - 0x72de8000 	C:\Windows\SYSTEM32\WINMM.dll
0x77220000 - 0x77283000 	C:\Windows\System32\WS2_32.dll
0x749a0000 - 0x749d0000 	C:\Program Files (x86)\Arduino\java\bin\splashscreen.dll
0x71430000 - 0x714a4000 	C:\Windows\system32\uxtheme.dll
0x76b10000 - 0x76d90000 	C:\Windows\System32\combase.dll
0x750c0000 - 0x750cc000 	C:\Program Files (x86)\Arduino\java\bin\verify.dll
0x74970000 - 0x74992000 	C:\Program Files (x86)\Arduino\java\bin\java.dll
0x77290000 - 0x77364000 	C:\Windows\System32\MSCTF.dll
0x76550000 - 0x765e6000 	C:\Windows\System32\OLEAUT32.dll
0x74950000 - 0x74964000 	C:\Program Files (x86)\Arduino\java\bin\zip.dll
0x721c0000 - 0x721cf000 	C:\Windows\SYSTEM32\kernel.appcore.dll
0x771c0000 - 0x7721f000 	C:\Windows\System32\bcryptPrimitives.dll
0x6b630000 - 0x6b6e9000 	C:\Windows\SYSTEM32\textinputframework.dll
0x6b310000 - 0x6b58e000 	C:\Windows\System32\CoreUIComponents.dll
0x6b590000 - 0x6b62b000 	C:\Windows\System32\CoreMessaging.dll
0x77370000 - 0x773f7000 	C:\Windows\System32\SHCORE.dll
0x71f80000 - 0x71fa9000 	C:\Windows\SYSTEM32\ntmarta.dll
0x70f10000 - 0x70feb000 	C:\Windows\SYSTEM32\wintypes.dll
0x754c0000 - 0x75a76000 	C:\Windows\System32\SHELL32.dll
0x72230000 - 0x7283d000 	C:\Windows\SYSTEM32\windows.storage.dll
0x72200000 - 0x72225000 	C:\Windows\SYSTEM32\Wldp.dll
0x752b0000 - 0x752f5000 	C:\Windows\System32\shlwapi.dll
0x721a0000 - 0x721bc000 	C:\Windows\SYSTEM32\profapi.dll
0x61940000 - 0x619b3000 	C:\Program Files (x86)\Arduino\lib\listSerialsj.dll
0x766d0000 - 0x76b08000 	C:\Windows\System32\SETUPAPI.dll
0x75e50000 - 0x75e8b000 	C:\Windows\System32\cfgmgr32.dll
0x75d80000 - 0x75d99000 	C:\Windows\System32\bcrypt.dll
0x74930000 - 0x7494d000 	C:\Program Files (x86)\Arduino\lib\jnidispatch-4.2.2-win32-x86.dll
0x75f10000 - 0x75ff3000 	C:\Windows\System32\Ole32.dll
0x74910000 - 0x74925000 	C:\Program Files (x86)\Arduino\java\bin\net.dll
0x71e30000 - 0x71e82000 	C:\Windows\system32\mswsock.dll
0x74900000 - 0x7490f000 	C:\Program Files (x86)\Arduino\java\bin\nio.dll
0x747b0000 - 0x748f7000 	C:\Program Files (x86)\Arduino\java\bin\awt.dll
0x71a90000 - 0x71b30000 	C:\Windows\SYSTEM32\apphelp.dll
0x74ff0000 - 0x75016000 	C:\Windows\system32\DWMAPI.DLL
0x74770000 - 0x747a9000 	C:\Program Files (x86)\Arduino\java\bin\fontmanager.dll
0x74660000 - 0x74763000 	C:\Windows\system32\opengl32.dll
0x74620000 - 0x7465f000 	C:\Windows\SYSTEM32\GLU32.dll
0x745e0000 - 0x74612000 	C:\Program Files (x86)\Arduino\java\bin\t2k.dll
0x71250000 - 0x71279000 	C:\Windows\SYSTEM32\DEVOBJ.dll
0x770b0000 - 0x770fc000 	C:\Windows\System32\WINTRUST.dll
0x75320000 - 0x75420000 	C:\Windows\System32\CRYPT32.dll
0x72ad0000 - 0x72ade000 	C:\Windows\SYSTEM32\MSASN1.dll
0x73300000 - 0x73333000 	C:\Windows\SYSTEM32\IPHLPAPI.DLL
0x75480000 - 0x75487000 	C:\Windows\System32\NSI.dll
0x71f40000 - 0x71f54000 	C:\Windows\SYSTEM32\dhcpcsvc6.DLL
0x71f00000 - 0x71f16000 	C:\Windows\SYSTEM32\dhcpcsvc.DLL
0x733e0000 - 0x73470000 	C:\Windows\SYSTEM32\DNSAPI.dll
0x71be0000 - 0x71be8000 	C:\Windows\System32\rasadhlp.dll
0x71bf0000 - 0x71c49000 	C:\Windows\System32\fwpuclnt.dll
0x74570000 - 0x745d9000 	C:\Program Files (x86)\Arduino\msvcp100.dll
0x744b0000 - 0x7456e000 	C:\Program Files (x86)\Arduino\msvcr100.dll
0x28f40000 - 0x28f72000 	C:\Program Files (x86)\Arduino\lib\AStylej.dll
0x74480000 - 0x744a4000 	C:\Program Files (x86)\Arduino\java\bin\dcpr.dll
0x76f40000 - 0x76fbe000 	C:\Windows\System32\clbcatq.dll
0x70d10000 - 0x70e81000 	C:\Windows\SYSTEM32\WindowsCodecs.dll
0x67340000 - 0x67371000 	C:\Windows\system32\dataexchange.dll
0x671d0000 - 0x67334000 	C:\Windows\system32\dcomp.dll
0x6b130000 - 0x6b310000 	C:\Windows\system32\d3d11.dll
0x72f80000 - 0x73042000 	C:\Windows\system32\dxgi.dll
0x70ff0000 - 0x71184000 	C:\Windows\system32\twinapi.appcore.dll
0x64000000 - 0x6401b000 	C:\Users\Lab\.jssc\windows\jSSC-2.8_x86.dll
0x75140000 - 0x75160000 	C:\Program Files (x86)\Arduino\java\bin\sunec.dll
0x71bc0000 - 0x71bd3000 	C:\Windows\SYSTEM32\CRYPTSP.dll
0x71b90000 - 0x71bbf000 	C:\Windows\system32\rsaenh.dll
0x75250000 - 0x75275000 	C:\Windows\SYSTEM32\USERENV.dll
0x71b80000 - 0x71b8a000 	C:\Windows\SYSTEM32\CRYPTBASE.dll
0x75130000 - 0x75139000 	C:\Program Files (x86)\Arduino\java\bin\sunmscapi.dll

VM Arguments:
jvm_args: -Dsun.java2d.d3d=false -Djna.nosys=true -Djna.nounpack=true -Djna.boot.library.name=jnidispatch-4.2.2-win32-x86 -Djna.boot.library.path=C:\Program Files (x86)\Arduino/lib -Djssc.library.path=C:\Program Files (x86)\Arduino/lib -DAPP_DIR=C:\Program Files (x86)\Arduino -Xms128M -Xmx512M 
java_command: processing.app.Base C:\Users\Lab\Desktop\Autocage current Protocol\Jae\Pro-Anti task -general\Arduino_Task\Arduino_Task.ino
java_class_path (initial): C:\Program Files (x86)\Arduino\lib\apple.jar;C:\Program Files (x86)\Arduino\lib\arduino-core.jar;C:\Program Files (x86)\Arduino\lib\batik-1.8.jar;C:\Program Files (x86)\Arduino\lib\batik-anim-1.8.jar;C:\Program Files (x86)\Arduino\lib\batik-awt-util-1.8.jar;C:\Program Files (x86)\Arduino\lib\batik-bridge-1.8.jar;C:\Program Files (x86)\Arduino\lib\batik-codec-1.8.jar;C:\Program Files (x86)\Arduino\lib\batik-css-1.8.jar;C:\Program Files (x86)\Arduino\lib\batik-dom-1.8.jar;C:\Program Files (x86)\Arduino\lib\batik-ext-1.8.jar;C:\Program Files (x86)\Arduino\lib\batik-gvt-1.8.jar;C:\Program Files (x86)\Arduino\lib\batik-parser-1.8.jar;C:\Program Files (x86)\Arduino\lib\batik-rasterizer-1.8.jar;C:\Program Files (x86)\Arduino\lib\batik-script-1.8.jar;C:\Program Files (x86)\Arduino\lib\batik-squiggle-1.8.jar;C:\Program Files (x86)\Arduino\lib\batik-svg-dom-1.8.jar;C:\Program Files (x86)\Arduino\lib\batik-svgpp-1.8.jar;C:\Program Files (x86)\Arduino\lib\batik-transcoder-1.8.jar;C:\Program Files (x86)\Arduino\lib\batik-util-1.8.jar;C:\Program Files (x86)\Arduino\lib\batik-xml-1.8.jar;C:\Program Files (x86)\Arduino\lib\bcpg-jdk15on-152.jar;C:\Program Files (x86)\Arduino\lib\bcprov-jdk15on-152.jar;C:\Program Files (x86)\Arduino\lib\commons-codec-1.7.jar;C:\Program Files (x86)\Arduino\lib\commons-compress-1.8.jar;C:\Program Files (x86)\Arduino\lib\commons-exec-1.1.jar;C:\Program Files (x86)\Arduino\lib\commons-httpclient-3.1.jar;C:\Program Files (x86)\Arduino\lib\commons-lang3-3.3.2.jar;C:\Program Files (x86)\Arduino\lib\commons-logging-1.0.4.jar;C:\Program Files (x86)\Arduino\lib\commons-net-3.3.jar;C:\Program Files (x86)\Arduino\lib\jackson-annotations-2.9.5.jar;C:\Program Files (x86)\Arduino\lib\jackson-core-2.9.5.jar;C:\Program Files (x86)\Arduino\lib\jackson-databind-2.9.5.jar;C:\Program Files (x86)\Arduino\lib\jackson-module-mrbean-2.9.5.jar;C:\Program Files (x86)\Arduino\lib\java-semver-0.8.0.jar;C:\Program Files (x86)\Arduino\lib\jmdns-3.5.3.j
Launcher Type: SUN_STANDARD

Environment Variables:
PATH=C:\Windows\system32;C:\Windows;C:\Windows\System32\Wbem;C:\Windows\System32\WindowsPowerShell\v1.0\;C:\Windows\System32\OpenSSH\;C:\Program Files\MATLAB\R2020a\bin;C:\Program Files\dotnet\;C:\Users\Lab\AppData\Local\Microsoft\WindowsApps;C:\Users\Lab\AppData\Local\GitHubDesktop\bin;C:\Program Files (x86)\Arduino\java\bin
USERNAME=Lab
OS=Windows_NT
PROCESSOR_IDENTIFIER=Intel64 Family 6 Model 165 Stepping 5, GenuineIntel



---------------  S Y S T E M  ---------------

OS: Windows 10.0 , 64 bit Build 19041 (10.0.19041.3155)

CPU:total 16 (initial active 16) (8 cores per cpu, 2 threads per core) family 6 model 165 stepping 5, cmov, cx8, fxsr, mmx, sse, sse2, sse3, ssse3, sse4.1, sse4.2, popcnt, avx, avx2, aes, clmul, erms, 3dnowpref, lzcnt, ht, tsc, tscinvbit, bmi1, bmi2, adx

Memory: 4k page, physical 33259508k(12615824k free), swap 41144576k(4979640k free)

vm_info: Java HotSpot(TM) Client VM (25.191-b12) for windows-x86 JRE (1.8.0_191-b12), built on Oct  6 2018 08:34:23 by "java_re" with MS VC++ 10.0 (VS2010)

time: Thu May 22 10:13:26 2025
elapsed time: 65224 seconds (0d 18h 7m 4s)

