#
# A fatal error has been detected by the Java Runtime Environment:
#
#  EXCEPTION_ACCESS_VIOLATION (0xc0000005) at pc=0x61948956, pid=56992, tid=0x0000cf0c
#
# JRE version: Java(TM) SE Runtime Environment (8.0_191-b12) (build 1.8.0_191-b12)
# Java VM: Java HotSpot(TM) Client VM (25.191-b12 mixed mode windows-x86 )
# Problematic frame:
# C  [listSerialsj.dll+0x8956]
#
# Failed to write core dump. Minidumps are not enabled by default on client versions of Windows
#
# If you would like to submit a bug report, please visit:
#   http://bugreport.java.com/bugreport/crash.jsp
# The crash happened outside the Java Virtual Machine in native code.
# See problematic frame for where to report the bug.
#

---------------  T H R E A D  ---------------

Current thread (0x279a0c00):  JavaThread "cc.arduino.packages.discoverers.serial.SerialBoardsLister" [_thread_in_native, id=53004, stack(0x02770000,0x027c0000)]

siginfo: ExceptionCode=0xc0000005, writing address 0x0000004c

Registers:
EAX=0x00000000, EBX=0x00000000, ECX=0x8df66a06, EDX=0x00000000
ESP=0x027be700, EBP=0x284b7ac8, ESI=0x0000004c, EDI=0x7782e620
EIP=0x61948956, EFLAGS=0x00010206

Top of Stack: (sp=0x027be700)
0x027be700:   0000fde9 00000000 284b7ac8 ffffffff
0x027be710:   00000000 0000004c 00000000 00000000
0x027be720:   000000a0 284b7ac0 000000a0 71b97bf0
0x027be730:   00000ac8 00000002 027be798 61948cea
0x027be740:   00000ac8 00220414 284b7ac0 000000a0
0x027be750:   284b7ac0 000000a0 027be798 00000000
0x027be760:   00380034 00000000 6194da4f 7782fc00
0x027be770:   284c87f0 00000009 00000000 284b7ac0 

Instructions: (pc=0x61948956)
0x61948936:   89 44 24 10 c7 44 24 0c ff ff ff ff c7 44 24 04
0x61948946:   00 00 00 00 c7 04 24 e9 fd 00 00 ff d7 83 ec 20
0x61948956:   c6 04 33 00 89 d8 83 c4 2c 5b 5e 5f 5d c3 8d b6
0x61948966:   00 00 00 00 8d bf 00 00 00 00 57 56 89 ce 53 b9 


Register to memory mapping:

EAX=0x00000000 is an unknown value
EBX=0x00000000 is an unknown value
ECX=0x8df66a06 is an unknown value
EDX=0x00000000 is an unknown value
ESP=0x027be700 is pointing into the stack for thread: 0x279a0c00
EBP=0x284b7ac8 is an unknown value
ESI=0x0000004c is an unknown value
EDI=0x7782e620 is an unknown value


Stack: [0x02770000,0x027c0000],  sp=0x027be700,  free space=313k
Native frames: (J=compiled Java code, j=interpreted, Vv=VM code, C=native code)
C  [listSerialsj.dll+0x8956]

Java frames: (J=compiled Java code, j=interpreted, Vv=VM code)
J 2427  processing.app.Platform.listSerialsNative()[Ljava/lang/String; (0 bytes) @ 0x02c795cf [0x02c79590+0x3f]
J 2351 C1 cc.arduino.packages.discoverers.serial.SerialBoardsLister.retriggerDiscovery(Z)V (751 bytes) @ 0x02c61a64 [0x02c61910+0x154]
J 2431 C1 cc.arduino.packages.discoverers.serial.SerialBoardsLister.run()V (13 bytes) @ 0x02c7a314 [0x02c7a2d0+0x44]
J 2450% C1 java.util.TimerThread.mainLoop()V (232 bytes) @ 0x02c80ad4 [0x02c806a0+0x434]
j  java.util.TimerThread.run()V+1
v  ~StubRoutines::call_stub

---------------  P R O C E S S  ---------------

Java Threads: ( => current thread )
  0x27baa800 JavaThread "Timer-1" [_thread_blocked, id=41396, stack(0x02480000,0x024d0000)]
  0x27bae800 JavaThread "DestroyJavaVM" [_thread_blocked, id=62388, stack(0x02650000,0x026a0000)]
  0x27ba9c00 JavaThread "TimerQueue" daemon [_thread_blocked, id=57572, stack(0x2a790000,0x2a7e0000)]
  0x27badc00 JavaThread "Batik CleanerThread" daemon [_thread_blocked, id=52204, stack(0x28f10000,0x28f60000)]
  0x25e11c00 JavaThread "AWT-EventQueue-0" [_thread_blocked, id=44916, stack(0x28c00000,0x28c50000)]
  0x25e11800 JavaThread "AWT-Shutdown" [_thread_blocked, id=18128, stack(0x286d0000,0x28720000)]
  0x25e13000 JavaThread "JmDNS(DESKTOP-72HK36S-dhe-duke-edu.local.).State.Timer" [_thread_blocked, id=11992, stack(0x28a70000,0x28ac0000)]
  0x25e12400 JavaThread "JmDNS(DESKTOP-72HK36S-dhe-duke-edu.local.).Timer" daemon [_thread_blocked, id=62288, stack(0x289e0000,0x28a30000)]
  0x25e12800 JavaThread "SocketListener(DESKTOP-72HK36S-dhe-duke-edu.local.)" daemon [_thread_in_native, id=45640, stack(0x28950000,0x289a0000)]
  0x27a52c00 JavaThread "JmDNS(fe80-0-0-0-9410-fda4-1ddf-6eaa-eth1.local.).State.Timer" [_thread_blocked, id=40256, stack(0x28830000,0x28880000)]
  0x27a52400 JavaThread "JmDNS(fe80-0-0-0-9410-fda4-1ddf-6eaa-eth1.local.).Timer" daemon [_thread_blocked, id=45824, stack(0x26a20000,0x26a70000)]
  0x27a52000 JavaThread "SocketListener(fe80-0-0-0-9410-fda4-1ddf-6eaa-eth1.local.)" daemon [_thread_in_native, id=34896, stack(0x049b0000,0x04a00000)]
  0x279a0000 JavaThread "Multihomed mDNS.Timer" daemon [_thread_blocked, id=59100, stack(0x04920000,0x04970000)]
=>0x279a0c00 JavaThread "cc.arduino.packages.discoverers.serial.SerialBoardsLister" [_thread_in_native, id=53004, stack(0x02770000,0x027c0000)]
  0x265d5400 JavaThread "AWT-Windows" daemon [_thread_in_native, id=36416, stack(0x26ab0000,0x26b00000)]
  0x265acc00 JavaThread "Java2D Disposer" daemon [_thread_blocked, id=61372, stack(0x26990000,0x269e0000)]
  0x25d72800 JavaThread "Service Thread" daemon [_thread_blocked, id=43300, stack(0x26230000,0x26280000)]
  0x25d7e400 JavaThread "C1 CompilerThread0" daemon [_thread_blocked, id=59472, stack(0x261a0000,0x261f0000)]
  0x25d7c400 JavaThread "Attach Listener" daemon [_thread_blocked, id=58644, stack(0x26110000,0x26160000)]
  0x25d78800 JavaThread "Signal Dispatcher" daemon [_thread_blocked, id=59156, stack(0x26080000,0x260d0000)]
  0x25d5b800 JavaThread "Finalizer" daemon [_thread_blocked, id=34444, stack(0x25180000,0x251d0000)]
  0x25d55c00 JavaThread "Reference Handler" daemon [_thread_blocked, id=53696, stack(0x250f0000,0x25140000)]

Other Threads:
  0x25d40400 VMThread [stack: 0x25060000,0x250b0000] [id=55412]
  0x25d75400 WatcherThread [stack: 0x262c0000,0x26310000] [id=8648]

VM state:not at safepoint (normal execution)

VM Mutex/Monitor currently owned by a thread: None

Heap:
 def new generation   total 81856K, used 56475K [0x04a00000, 0x0a2d0000, 0x0f4a0000)
  eden space 72768K,  77% used [0x04a00000, 0x080d7408, 0x09110000)
  from space 9088K,   3% used [0x09110000, 0x0915fa50, 0x099f0000)
  to   space 9088K,   0% used [0x099f0000, 0x099f0000, 0x0a2d0000)
 tenured generation   total 181744K, used 109369K [0x0f4a0000, 0x1a61c000, 0x24a00000)
   the space 181744K,  60% used [0x0f4a0000, 0x15f6e668, 0x15f6e800, 0x1a61c000)
 Metaspace       used 21052K, capacity 21684K, committed 21760K, reserved 21888K

Card table byte_map: [0x24a00000,0x24b10000] byte_map_base: 0x249db000

Polling page: 0x00ae0000

CodeCache: size=32768Kb used=2404Kb max_used=4581Kb free=30363Kb
 bounds [0x02820000, 0x02ca0000, 0x04820000]
 total_blobs=1274 nmethods=997 adapters=207
 compilation: enabled

Compilation events (10 events):
Event: 60498.502 Thread 0x25d7e400 2716             java.lang.StringBuilder::append (8 bytes)
Event: 60498.502 Thread 0x25d7e400 nmethod 2716 0x02969988 code [0x02969aa0, 0x02969ca8]
Event: 60501.507 Thread 0x25d7e400 2717             javax.jmdns.impl.DNSMessage::print (325 bytes)
Event: 60501.510 Thread 0x25d7e400 nmethod 2717 0x02949848 code [0x02949b20, 0x0294adf4]
Event: 60510.528 Thread 0x25d7e400 2718             java.lang.Integer::stringSize (21 bytes)
Event: 60510.529 Thread 0x25d7e400 nmethod 2718 0x029495c8 code [0x029496c0, 0x02949770]
Event: 60544.797 Thread 0x25d7e400 2719             java.lang.Integer::getChars (131 bytes)
Event: 60544.798 Thread 0x25d7e400 nmethod 2719 0x02b6b848 code [0x02b6b970, 0x02b6bb80]
Event: 60631.637 Thread 0x25d7e400 2720             java.lang.String::charAt (29 bytes)
Event: 60631.637 Thread 0x25d7e400 nmethod 2720 0x029696c8 code [0x029697d0, 0x029698cc]

GC Heap History (10 events):
Event: 59998.904 GC heap before
{Heap before GC invocations=69 (full 3):
 def new generation   total 81856K, used 72905K [0x04a00000, 0x0a2d0000, 0x0f4a0000)
  eden space 72768K, 100% used [0x04a00000, 0x09110000, 0x09110000)
  from space 9088K,   1% used [0x099f0000, 0x09a125b8, 0x0a2d0000)
  to   space 9088K,   0% used [0x09110000, 0x09110000, 0x099f0000)
 tenured generation   total 181744K, used 109359K [0x0f4a0000, 0x1a61c000, 0x24a00000)
   the space 181744K,  60% used [0x0f4a0000, 0x15f6be60, 0x15f6c000, 0x1a61c000)
 Metaspace       used 21052K, capacity 21684K, committed 21760K, reserved 21888K
Event: 59998.908 GC heap after
Heap after GC invocations=70 (full 3):
 def new generation   total 81856K, used 161K [0x04a00000, 0x0a2d0000, 0x0f4a0000)
  eden space 72768K,   0% used [0x04a00000, 0x04a00000, 0x09110000)
  from space 9088K,   1% used [0x09110000, 0x091385c8, 0x099f0000)
  to   space 9088K,   0% used [0x099f0000, 0x099f0000, 0x0a2d0000)
 tenured generation   total 181744K, used 109364K [0x0f4a0000, 0x1a61c000, 0x24a00000)
   the space 181744K,  60% used [0x0f4a0000, 0x15f6d0d8, 0x15f6d200, 0x1a61c000)
 Metaspace       used 21052K, capacity 21684K, committed 21760K, reserved 21888K
}
Event: 60342.555 GC heap before
{Heap before GC invocations=70 (full 3):
 def new generation   total 81856K, used 72929K [0x04a00000, 0x0a2d0000, 0x0f4a0000)
  eden space 72768K, 100% used [0x04a00000, 0x09110000, 0x09110000)
  from space 9088K,   1% used [0x09110000, 0x091385c8, 0x099f0000)
  to   space 9088K,   0% used [0x099f0000, 0x099f0000, 0x0a2d0000)
 tenured generation   total 181744K, used 109364K [0x0f4a0000, 0x1a61c000, 0x24a00000)
   the space 181744K,  60% used [0x0f4a0000, 0x15f6d0d8, 0x15f6d200, 0x1a61c000)
 Metaspace       used 21052K, capacity 21684K, committed 21760K, reserved 21888K
Event: 60342.556 GC heap after
Heap after GC invocations=71 (full 3):
 def new generation   total 81856K, used 311K [0x04a00000, 0x0a2d0000, 0x0f4a0000)
  eden space 72768K,   0% used [0x04a00000, 0x04a00000, 0x09110000)
  from space 9088K,   3% used [0x099f0000, 0x09a3dd00, 0x0a2d0000)
  to   space 9088K,   0% used [0x09110000, 0x09110000, 0x099f0000)
 tenured generation   total 181744K, used 109366K [0x0f4a0000, 0x1a61c000, 0x24a00000)
   the space 181744K,  60% used [0x0f4a0000, 0x15f6d970, 0x15f6da00, 0x1a61c000)
 Metaspace       used 21052K, capacity 21684K, committed 21760K, reserved 21888K
}
Event: 61097.542 GC heap before
{Heap before GC invocations=71 (full 3):
 def new generation   total 81856K, used 73079K [0x04a00000, 0x0a2d0000, 0x0f4a0000)
  eden space 72768K, 100% used [0x04a00000, 0x09110000, 0x09110000)
  from space 9088K,   3% used [0x099f0000, 0x09a3dd00, 0x0a2d0000)
  to   space 9088K,   0% used [0x09110000, 0x09110000, 0x099f0000)
 tenured generation   total 181744K, used 109366K [0x0f4a0000, 0x1a61c000, 0x24a00000)
   the space 181744K,  60% used [0x0f4a0000, 0x15f6d970, 0x15f6da00, 0x1a61c000)
 Metaspace       used 21052K, capacity 21684K, committed 21760K, reserved 21888K
Event: 61097.543 GC heap after
Heap after GC invocations=72 (full 3):
 def new generation   total 81856K, used 386K [0x04a00000, 0x0a2d0000, 0x0f4a0000)
  eden space 72768K,   0% used [0x04a00000, 0x04a00000, 0x09110000)
  from space 9088K,   4% used [0x09110000, 0x09170928, 0x099f0000)
  to   space 9088K,   0% used [0x099f0000, 0x099f0000, 0x0a2d0000)
 tenured generation   total 181744K, used 109366K [0x0f4a0000, 0x1a61c000, 0x24a00000)
   the space 181744K,  60% used [0x0f4a0000, 0x15f6d970, 0x15f6da00, 0x1a61c000)
 Metaspace       used 21052K, capacity 21684K, committed 21760K, reserved 21888K
}
Event: 61947.300 GC heap before
{Heap before GC invocations=72 (full 3):
 def new generation   total 81856K, used 73154K [0x04a00000, 0x0a2d0000, 0x0f4a0000)
  eden space 72768K, 100% used [0x04a00000, 0x09110000, 0x09110000)
  from space 9088K,   4% used [0x09110000, 0x09170928, 0x099f0000)
  to   space 9088K,   0% used [0x099f0000, 0x099f0000, 0x0a2d0000)
 tenured generation   total 181744K, used 109366K [0x0f4a0000, 0x1a61c000, 0x24a00000)
   the space 181744K,  60% used [0x0f4a0000, 0x15f6d970, 0x15f6da00, 0x1a61c000)
 Metaspace       used 21052K, capacity 21684K, committed 21760K, reserved 21888K
Event: 61947.301 GC heap after
Heap after GC invocations=73 (full 3):
 def new generation   total 81856K, used 311K [0x04a00000, 0x0a2d0000, 0x0f4a0000)
  eden space 72768K,   0% used [0x04a00000, 0x04a00000, 0x09110000)
  from space 9088K,   3% used [0x099f0000, 0x09a3dfe0, 0x0a2d0000)
  to   space 9088K,   0% used [0x09110000, 0x09110000, 0x099f0000)
 tenured generation   total 181744K, used 109369K [0x0f4a0000, 0x1a61c000, 0x24a00000)
   the space 181744K,  60% used [0x0f4a0000, 0x15f6e668, 0x15f6e800, 0x1a61c000)
 Metaspace       used 21052K, capacity 21684K, committed 21760K, reserved 21888K
}
Event: 62831.345 GC heap before
{Heap before GC invocations=73 (full 3):
 def new generation   total 81856K, used 73079K [0x04a00000, 0x0a2d0000, 0x0f4a0000)
  eden space 72768K, 100% used [0x04a00000, 0x09110000, 0x09110000)
  from space 9088K,   3% used [0x099f0000, 0x09a3dfe0, 0x0a2d0000)
  to   space 9088K,   0% used [0x09110000, 0x09110000, 0x099f0000)
 tenured generation   total 181744K, used 109369K [0x0f4a0000, 0x1a61c000, 0x24a00000)
   the space 181744K,  60% used [0x0f4a0000, 0x15f6e668, 0x15f6e800, 0x1a61c000)
 Metaspace       used 21052K, capacity 21684K, committed 21760K, reserved 21888K
Event: 62831.347 GC heap after
Heap after GC invocations=74 (full 3):
 def new generation   total 81856K, used 318K [0x04a00000, 0x0a2d0000, 0x0f4a0000)
  eden space 72768K,   0% used [0x04a00000, 0x04a00000, 0x09110000)
  from space 9088K,   3% used [0x09110000, 0x0915fa50, 0x099f0000)
  to   space 9088K,   0% used [0x099f0000, 0x099f0000, 0x0a2d0000)
 tenured generation   total 181744K, used 109369K [0x0f4a0000, 0x1a61c000, 0x24a00000)
   the space 181744K,  60% used [0x0f4a0000, 0x15f6e668, 0x15f6e800, 0x1a61c000)
 Metaspace       used 21052K, capacity 21684K, committed 21760K, reserved 21888K
}

Deoptimization events (0 events):
No events

Classes redefined (0 events):
No events

Internal exceptions (10 events):
Event: 60643.664 Thread 0x25e12800 Exception <a 'java/io/IOException'> (0x06ec15a0) thrown at [C:\workspace\8-2-build-windows-i586-cygwin\jdk8u191\11896\hotspot\src\share\vm\prims\jni.cpp, line 709]
Event: 60643.664 Thread 0x27a52000 Exception <a 'java/io/IOException'> (0x06f6e078) thrown at [C:\workspace\8-2-build-windows-i586-cygwin\jdk8u191\11896\hotspot\src\share\vm\prims\jni.cpp, line 709]
Event: 60643.665 Thread 0x27a52000 Exception <a 'java/io/IOException'> (0x06f6e2c0) thrown at [C:\workspace\8-2-build-windows-i586-cygwin\jdk8u191\11896\hotspot\src\share\vm\prims\jni.cpp, line 709]
Event: 60643.665 Thread 0x27a52000 Exception <a 'java/io/IOException'> (0x06f6e538) thrown at [C:\workspace\8-2-build-windows-i586-cygwin\jdk8u191\11896\hotspot\src\share\vm\prims\jni.cpp, line 709]
Event: 60643.665 Thread 0x27a52000 Exception <a 'java/io/IOException'> (0x06f6e780) thrown at [C:\workspace\8-2-build-windows-i586-cygwin\jdk8u191\11896\hotspot\src\share\vm\prims\jni.cpp, line 709]
Event: 60643.665 Thread 0x27a52000 Exception <a 'java/io/IOException'> (0x06f6e9c8) thrown at [C:\workspace\8-2-build-windows-i586-cygwin\jdk8u191\11896\hotspot\src\share\vm\prims\jni.cpp, line 709]
Event: 62070.889 Thread 0x25e12800 Exception <a 'java/io/IOException'> (0x05145c28) thrown at [C:\workspace\8-2-build-windows-i586-cygwin\jdk8u191\11896\hotspot\src\share\vm\prims\jni.cpp, line 709]
Event: 62070.889 Thread 0x25e12800 Exception <a 'java/io/IOException'> (0x05145ea0) thrown at [C:\workspace\8-2-build-windows-i586-cygwin\jdk8u191\11896\hotspot\src\share\vm\prims\jni.cpp, line 709]
Event: 62070.890 Thread 0x25e12800 Exception <a 'java/io/IOException'> (0x051460e8) thrown at [C:\workspace\8-2-build-windows-i586-cygwin\jdk8u191\11896\hotspot\src\share\vm\prims\jni.cpp, line 709]
Event: 62070.890 Thread 0x25e12800 Exception <a 'java/io/IOException'> (0x05146330) thrown at [C:\workspace\8-2-build-windows-i586-cygwin\jdk8u191\11896\hotspot\src\share\vm\prims\jni.cpp, line 709]

Events (10 events):
Event: 62350.962 Executing VM operation: RevokeBias
Event: 62350.962 Executing VM operation: RevokeBias done
Event: 62451.046 Executing VM operation: RevokeBias
Event: 62451.047 Executing VM operation: RevokeBias done
Event: 62831.345 Executing VM operation: GenCollectForAllocation
Event: 62831.347 Executing VM operation: GenCollectForAllocation done
Event: 63481.647 Executing VM operation: RevokeBias
Event: 63481.647 Executing VM operation: RevokeBias done
Event: 63481.647 Executing VM operation: RevokeBias
Event: 63481.647 Executing VM operation: RevokeBias done


Dynamic libraries:
0x00f90000 - 0x00fc3000 	C:\Program Files (x86)\Arduino\java\bin\javaw.exe
0x77b40000 - 0x77ce4000 	C:\Windows\SYSTEM32\ntdll.dll
0x77810000 - 0x77900000 	C:\Windows\System32\KERNEL32.DLL
0x76470000 - 0x766aa000 	C:\Windows\System32\KERNELBASE.dll
0x774a0000 - 0x7751c000 	C:\Windows\System32\ADVAPI32.dll
0x763b0000 - 0x7646f000 	C:\Windows\System32\msvcrt.dll
0x76270000 - 0x762e6000 	C:\Windows\System32\sechost.dll
0x75cf0000 - 0x75daf000 	C:\Windows\System32\RPCRT4.dll
0x77920000 - 0x77abc000 	C:\Windows\System32\USER32.dll
0x77900000 - 0x77918000 	C:\Windows\System32\win32u.dll
0x75b50000 - 0x75b74000 	C:\Windows\System32\GDI32.dll
0x76de0000 - 0x76ec5000 	C:\Windows\System32\gdi32full.dll
0x76ed0000 - 0x76f4b000 	C:\Windows\System32\msvcp_win.dll
0x77380000 - 0x774a0000 	C:\Windows\System32\ucrtbase.dll
0x736a0000 - 0x738b0000 	C:\Windows\WinSxS\x86_microsoft.windows.common-controls_6595b64144ccf1df_6.0.19041.1110_none_a8625c1886757984\COMCTL32.dll
0x76fe0000 - 0x77005000 	C:\Windows\System32\IMM32.DLL
0x6d130000 - 0x6d1ef000 	C:\Program Files (x86)\Arduino\java\bin\msvcr100.dll
0x6cd50000 - 0x6d123000 	C:\Program Files (x86)\Arduino\java\bin\client\jvm.dll
0x77b20000 - 0x77b26000 	C:\Windows\System32\PSAPI.DLL
0x73400000 - 0x73428000 	C:\Windows\SYSTEM32\WINMM.dll
0x759c0000 - 0x759c8000 	C:\Windows\SYSTEM32\WSOCK32.dll
0x759d0000 - 0x759d8000 	C:\Windows\SYSTEM32\VERSION.dll
0x77520000 - 0x77583000 	C:\Windows\System32\WS2_32.dll
0x716b0000 - 0x716e0000 	C:\Program Files (x86)\Arduino\java\bin\splashscreen.dll
0x71ab0000 - 0x71b24000 	C:\Windows\system32\uxtheme.dll
0x77590000 - 0x77810000 	C:\Windows\System32\combase.dll
0x719f0000 - 0x719fc000 	C:\Program Files (x86)\Arduino\java\bin\verify.dll
0x6d390000 - 0x6d3b2000 	C:\Program Files (x86)\Arduino\java\bin\java.dll
0x77160000 - 0x77234000 	C:\Windows\System32\MSCTF.dll
0x75a20000 - 0x75ab6000 	C:\Windows\System32\OLEAUT32.dll
0x6d370000 - 0x6d384000 	C:\Program Files (x86)\Arduino\java\bin\zip.dll
0x72830000 - 0x7283f000 	C:\Windows\SYSTEM32\kernel.appcore.dll
0x76350000 - 0x763af000 	C:\Windows\System32\bcryptPrimitives.dll
0x6bfb0000 - 0x6c069000 	C:\Windows\SYSTEM32\textinputframework.dll
0x6bd30000 - 0x6bfae000 	C:\Windows\System32\CoreUIComponents.dll
0x6bc90000 - 0x6bd2b000 	C:\Windows\System32\CoreMessaging.dll
0x75ac0000 - 0x75b47000 	C:\Windows\System32\SHCORE.dll
0x725a0000 - 0x725c9000 	C:\Windows\SYSTEM32\ntmarta.dll
0x71770000 - 0x7184b000 	C:\Windows\SYSTEM32\wintypes.dll
0x766b0000 - 0x76c66000 	C:\Windows\System32\SHELL32.dll
0x728a0000 - 0x72ead000 	C:\Windows\SYSTEM32\windows.storage.dll
0x72840000 - 0x72865000 	C:\Windows\SYSTEM32\Wldp.dll
0x77010000 - 0x77055000 	C:\Windows\System32\shlwapi.dll
0x727e0000 - 0x727fc000 	C:\Windows\SYSTEM32\profapi.dll
0x61940000 - 0x619b3000 	C:\Program Files (x86)\Arduino\lib\listSerialsj.dll
0x75db0000 - 0x761e8000 	C:\Windows\System32\SETUPAPI.dll
0x77240000 - 0x7727b000 	C:\Windows\System32\cfgmgr32.dll
0x759e0000 - 0x759f9000 	C:\Windows\System32\bcrypt.dll
0x6d350000 - 0x6d36d000 	C:\Program Files (x86)\Arduino\lib\jnidispatch-4.2.2-win32-x86.dll
0x77070000 - 0x77153000 	C:\Windows\System32\Ole32.dll
0x6cd30000 - 0x6cd45000 	C:\Program Files (x86)\Arduino\java\bin\net.dll
0x72470000 - 0x724c2000 	C:\Windows\system32\mswsock.dll
0x6e440000 - 0x6e44f000 	C:\Program Files (x86)\Arduino\java\bin\nio.dll
0x6cbe0000 - 0x6cd27000 	C:\Program Files (x86)\Arduino\java\bin\awt.dll
0x75910000 - 0x759b0000 	C:\Windows\SYSTEM32\apphelp.dll
0x75710000 - 0x75736000 	C:\Windows\system32\DWMAPI.DLL
0x6cba0000 - 0x6cbd9000 	C:\Program Files (x86)\Arduino\java\bin\fontmanager.dll
0x6ca90000 - 0x6cb93000 	C:\Windows\system32\opengl32.dll
0x6ca50000 - 0x6ca8f000 	C:\Windows\SYSTEM32\GLU32.dll
0x6ca10000 - 0x6ca42000 	C:\Program Files (x86)\Arduino\java\bin\t2k.dll
0x71c30000 - 0x71c59000 	C:\Windows\SYSTEM32\DEVOBJ.dll
0x76d80000 - 0x76dcc000 	C:\Windows\System32\WINTRUST.dll
0x77280000 - 0x77380000 	C:\Windows\System32\CRYPT32.dll
0x733f0000 - 0x733fe000 	C:\Windows\SYSTEM32\MSASN1.dll
0x73940000 - 0x73973000 	C:\Windows\SYSTEM32\IPHLPAPI.DLL
0x77060000 - 0x77067000 	C:\Windows\System32\NSI.dll
0x72580000 - 0x72594000 	C:\Windows\SYSTEM32\dhcpcsvc6.DLL
0x72540000 - 0x72556000 	C:\Windows\SYSTEM32\dhcpcsvc.DLL
0x73a20000 - 0x73ab0000 	C:\Windows\SYSTEM32\DNSAPI.dll
0x72220000 - 0x72228000 	C:\Windows\System32\rasadhlp.dll
0x72230000 - 0x72289000 	C:\Windows\System32\fwpuclnt.dll
0x6c9a0000 - 0x6ca09000 	C:\Program Files (x86)\Arduino\msvcp100.dll
0x6c8e0000 - 0x6c99e000 	C:\Program Files (x86)\Arduino\msvcr100.dll
0x28c50000 - 0x28c82000 	C:\Program Files (x86)\Arduino\lib\AStylej.dll
0x6c8b0000 - 0x6c8d4000 	C:\Program Files (x86)\Arduino\java\bin\dcpr.dll
0x761f0000 - 0x7626e000 	C:\Windows\System32\clbcatq.dll
0x71530000 - 0x716a1000 	C:\Windows\SYSTEM32\WindowsCodecs.dll
0x67c50000 - 0x67c81000 	C:\Windows\system32\dataexchange.dll
0x6bab0000 - 0x6bc90000 	C:\Windows\system32\d3d11.dll
0x677f0000 - 0x67954000 	C:\Windows\system32\dcomp.dll
0x73430000 - 0x734f2000 	C:\Windows\system32\dxgi.dll
0x71850000 - 0x719e4000 	C:\Windows\system32\twinapi.appcore.dll
0x64000000 - 0x6401b000 	C:\Users\Lab\.jssc\windows\jSSC-2.8_x86.dll
0x71a00000 - 0x71a20000 	C:\Program Files (x86)\Arduino\java\bin\sunec.dll
0x721b0000 - 0x721c3000 	C:\Windows\SYSTEM32\CRYPTSP.dll
0x72180000 - 0x721af000 	C:\Windows\system32\rsaenh.dll
0x758e0000 - 0x75905000 	C:\Windows\SYSTEM32\USERENV.dll
0x72170000 - 0x7217a000 	C:\Windows\SYSTEM32\CRYPTBASE.dll
0x73ab0000 - 0x73ab9000 	C:\Program Files (x86)\Arduino\java\bin\sunmscapi.dll

VM Arguments:
jvm_args: -Dsun.java2d.d3d=false -Djna.nosys=true -Djna.nounpack=true -Djna.boot.library.name=jnidispatch-4.2.2-win32-x86 -Djna.boot.library.path=C:\Program Files (x86)\Arduino/lib -Djssc.library.path=C:\Program Files (x86)\Arduino/lib -DAPP_DIR=C:\Program Files (x86)\Arduino -Xms128M -Xmx512M 
java_command: processing.app.Base C:\Users\Lab\Desktop\Autocage current Protocol\Jae\Auditory discrimination reversal delayed response task  general\Arduino_Master\Arduino_Master.ino
java_class_path (initial): C:\Program Files (x86)\Arduino\lib\apple.jar;C:\Program Files (x86)\Arduino\lib\arduino-core.jar;C:\Program Files (x86)\Arduino\lib\batik-1.8.jar;C:\Program Files (x86)\Arduino\lib\batik-anim-1.8.jar;C:\Program Files (x86)\Arduino\lib\batik-awt-util-1.8.jar;C:\Program Files (x86)\Arduino\lib\batik-bridge-1.8.jar;C:\Program Files (x86)\Arduino\lib\batik-codec-1.8.jar;C:\Program Files (x86)\Arduino\lib\batik-css-1.8.jar;C:\Program Files (x86)\Arduino\lib\batik-dom-1.8.jar;C:\Program Files (x86)\Arduino\lib\batik-ext-1.8.jar;C:\Program Files (x86)\Arduino\lib\batik-gvt-1.8.jar;C:\Program Files (x86)\Arduino\lib\batik-parser-1.8.jar;C:\Program Files (x86)\Arduino\lib\batik-rasterizer-1.8.jar;C:\Program Files (x86)\Arduino\lib\batik-script-1.8.jar;C:\Program Files (x86)\Arduino\lib\batik-squiggle-1.8.jar;C:\Program Files (x86)\Arduino\lib\batik-svg-dom-1.8.jar;C:\Program Files (x86)\Arduino\lib\batik-svgpp-1.8.jar;C:\Program Files (x86)\Arduino\lib\batik-transcoder-1.8.jar;C:\Program Files (x86)\Arduino\lib\batik-util-1.8.jar;C:\Program Files (x86)\Arduino\lib\batik-xml-1.8.jar;C:\Program Files (x86)\Arduino\lib\bcpg-jdk15on-152.jar;C:\Program Files (x86)\Arduino\lib\bcprov-jdk15on-152.jar;C:\Program Files (x86)\Arduino\lib\commons-codec-1.7.jar;C:\Program Files (x86)\Arduino\lib\commons-compress-1.8.jar;C:\Program Files (x86)\Arduino\lib\commons-exec-1.1.jar;C:\Program Files (x86)\Arduino\lib\commons-httpclient-3.1.jar;C:\Program Files (x86)\Arduino\lib\commons-lang3-3.3.2.jar;C:\Program Files (x86)\Arduino\lib\commons-logging-1.0.4.jar;C:\Program Files (x86)\Arduino\lib\commons-net-3.3.jar;C:\Program Files (x86)\Arduino\lib\jackson-annotations-2.9.5.jar;C:\Program Files (x86)\Arduino\lib\jackson-core-2.9.5.jar;C:\Program Files (x86)\Arduino\lib\jackson-databind-2.9.5.jar;C:\Program Files (x86)\Arduino\lib\jackson-module-mrbean-2.9.5.jar;C:\Program Files (x86)\Arduino\lib\java-semver-0.8.0.jar;C:\Program Files (x86)\Arduino\lib\jmdns-3.5.3.j
Launcher Type: SUN_STANDARD

Environment Variables:
PATH=C:\Windows\system32;C:\Windows;C:\Windows\System32\Wbem;C:\Windows\System32\WindowsPowerShell\v1.0\;C:\Windows\System32\OpenSSH\;C:\Program Files\MATLAB\R2020a\bin;C:\Program Files\dotnet\;C:\Users\Lab\AppData\Local\Microsoft\WindowsApps;C:\Users\Lab\AppData\Local\GitHubDesktop\bin;C:\Program Files (x86)\Arduino\java\bin
USERNAME=Lab
OS=Windows_NT
PROCESSOR_IDENTIFIER=Intel64 Family 6 Model 165 Stepping 5, GenuineIntel



---------------  S Y S T E M  ---------------

OS: Windows 10.0 , 64 bit Build 19041 (10.0.19041.3155)

CPU:total 16 (initial active 16) (8 cores per cpu, 2 threads per core) family 6 model 165 stepping 5, cmov, cx8, fxsr, mmx, sse, sse2, sse3, ssse3, sse4.1, sse4.2, popcnt, avx, avx2, aes, clmul, erms, 3dnowpref, lzcnt, ht, tsc, tscinvbit, bmi1, bmi2, adx

Memory: 4k page, physical 33259508k(4428812k free), swap 90673040k(5628196k free)

vm_info: Java HotSpot(TM) Client VM (25.191-b12) for windows-x86 JRE (1.8.0_191-b12), built on Oct  6 2018 08:34:23 by "java_re" with MS VC++ 10.0 (VS2010)

time: Fri Jan 23 09:34:54 2026
elapsed time: 63568 seconds (0d 17h 39m 28s)

